 end of gkps  -3.6654248024999109E-014
 after field       375175       528384       528384  -3.6654216121505795E-014
 end of gkps   0.1869319446158203     
 after field       375296       528384       528384   0.1869317395962066     
 before cpush 1       375296       528384       528384 
   2.0170920418940947E-027
 before cpush 1       375296       528384       528384 
   2.0170920418940947E-027
 end of gkps  -1.0810962551817547E-002
 after field       375096       528384       528384  -1.0811267383854555E-002
 end of gkps   0.1873789834579679     
 after field       375181       528384       528384   0.1873785176472978     
 before cpush 1       375181       528384       528384 
   2.0170920418940947E-027
 before cpush 1       375181       528384       528384 
   2.0170920418940947E-027
 end of gkps  -5.3404115278408801E-003
 after field       375196       528384       528384  -5.3412479953254223E-003
 end of gkps   0.1977013114102311     
 after field       375488       528384       528384   0.1977003757850697     
 before cpush 1       375488       528384       528384 
   2.0170920418940947E-027
 before cpush 1       375488       528384       528384 
   2.0170920418940947E-027
 end of gkps  -1.4266072423048412E-003
 after field       375373       528384       528384  -1.4266116338334188E-003
 end of gkps   0.1982648997478579     
 after field       375024       528384       528384   0.1982650112929302     
 before cpush 1       375024       528384       528384 
   2.0170920418940947E-027
 before cpush 1       375024       528384       528384 
   2.0170920418940947E-027
 end of gkps  -5.2641131550794891E-003
 after field       374960       528384       528384  -5.2645426206114126E-003
 end of gkps   0.1968825404222228     
 after field       374680       528384       528384   0.1968829584952276     
 before cpush 1       374680       528384       528384 
   2.0170920418940947E-027
 before cpush 1       374680       528384       528384 
   2.0170920418940947E-027
 end of gkps  -6.3167266937308696E-003
 after field       374752       528384       528384  -6.3167136597730884E-003
 end of gkps   0.1896416204920297     
 after field       374558       528384       528384   0.1896413251341960     
 before cpush 1       374558       528384       528384 
   2.0170920418940947E-027
 before cpush 1       374558       528384       528384 
   2.0170920418940947E-027
 end of gkps  -1.9395129906579763E-002
 after field       374674       528384       528384  -1.9395406345388944E-002
 end of gkps   0.1739591293296303     
 after field       374224       528384       528384   0.1739582878980327     
 before cpush 1       374224       528384       528384 
   2.0170920418940947E-027
 before cpush 1       374224       528384       528384 
   2.0170920418940947E-027
 end of gkps  -2.2612678067012934E-002
 after field       374606       528384       528384  -2.2613401107425244E-002
 end of gkps   0.1769859749049270     
 after field       374867       528384       528384   0.1769859197313816     
 before cpush 1       374867       528384       528384 
   2.0170920418940947E-027
 before cpush 1       374867       528384       528384 
   2.0170920418940947E-027
 end of gkps  -3.5283255345667383E-002
 after field       375088       528384       528384  -3.5283754147673027E-002
 end of gkps   0.1577407676193076     
 after field       375046       528384       528384   0.1577402804769076     
 before cpush 1       375046       528384       528384 
   2.0170920418940947E-027
 before cpush 1       375046       528384       528384 
   2.0170920418940947E-027
 end of gkps  -6.1299996447724658E-002
 after field       375123       528384       528384  -6.1300739750924184E-002
 end of gkps   0.1376209808042195     
 after field       375197       528384       528384   0.1376201487908474     
 before cpush 1       375197       528384       528384 
   2.0170920418940947E-027
 before cpush 1       375197       528384       528384 
   2.0170920418940947E-027
